2026-02-10 15:12:18,098 - MLProjectLogger - INFO - Data Loaded sucessfully file path: D:\AI\TrustCast\data\UNSW_1.csv
2026-02-10 15:12:18,098 - MLProjectLogger - INFO - 'load_data' executed in 2.7474s
2026-02-10 15:12:18,098 - MLProjectLogger - INFO - Column Names : ['srcip', 'sport', 'dstip', 'dsport', 'proto', 'state', 'dur', 'sbytes', 'dbytes', 'sttl', 'dttl', 'sloss', 'dloss', 'service', 'Sload', 'Dload', 'Spkts', 'Dpkts', 'swin', 'dwin', 'stcpb', 'dtcpb', 'smeansz', 'dmeansz', 'trans_depth', 'res_bdy_len', 'Sjit', 'Djit', 'Stime', 'Ltime', 'Sintpkt', 'Dintpkt', 'tcprtt', 'synack', 'ackdat', 'is_sm_ips_ports', 'ct_state_ttl', 'ct_flw_http_mthd', 'is_ftp_login', 'ct_ftp_cmd', 'ct_srv_src', 'ct_srv_dst', 'ct_dst_ltm', 'ct_src_ ltm', 'ct_src_dport_ltm', 'ct_dst_sport_ltm', 'ct_dst_src_ltm', 'attack_cat', 'Label']
2026-02-10 15:12:19,119 - MLProjectLogger - INFO - Missing values calculated
2026-02-10 15:12:19,298 - MLProjectLogger - INFO - Missing values calculated
2026-02-10 15:12:19,298 - MLProjectLogger - INFO - Missing value filled
2026-02-10 15:12:19,298 - MLProjectLogger - INFO - Missing value filled
2026-02-10 15:12:19,298 - MLProjectLogger - INFO - Missing value filled
2026-02-10 15:12:19,298 - MLProjectLogger - INFO - Missing value filled
2026-02-10 15:12:19,298 - MLProjectLogger - INFO - Missing value filled
2026-02-10 15:12:19,298 - MLProjectLogger - INFO - Missing value filled
2026-02-10 15:12:19,302 - MLProjectLogger - INFO - Missing value filled
2026-02-10 15:12:19,302 - MLProjectLogger - INFO - Missing value filled
2026-02-10 15:12:19,302 - MLProjectLogger - INFO - Missing value filled
2026-02-10 15:12:19,302 - MLProjectLogger - INFO - Missing value filled
2026-02-10 15:12:19,302 - MLProjectLogger - INFO - Missing value filled
2026-02-10 15:12:19,302 - MLProjectLogger - INFO - Missing value filled
2026-02-10 15:12:19,302 - MLProjectLogger - INFO - Missing value filled
2026-02-10 15:12:19,302 - MLProjectLogger - INFO - Missing value filled
2026-02-10 15:12:19,302 - MLProjectLogger - INFO - Missing value filled
2026-02-10 15:12:19,302 - MLProjectLogger - INFO - Missing value filled
2026-02-10 15:12:19,302 - MLProjectLogger - INFO - Missing value filled
2026-02-10 15:12:19,302 - MLProjectLogger - INFO - Missing value filled
2026-02-10 15:12:19,302 - MLProjectLogger - INFO - Missing value filled
2026-02-10 15:12:19,302 - MLProjectLogger - INFO - Missing value filled
2026-02-10 15:12:19,302 - MLProjectLogger - INFO - Missing value filled
2026-02-10 15:12:19,302 - MLProjectLogger - INFO - Missing value filled
2026-02-10 15:12:19,302 - MLProjectLogger - INFO - Missing value filled
2026-02-10 15:12:19,302 - MLProjectLogger - INFO - Missing value filled
2026-02-10 15:12:19,306 - MLProjectLogger - INFO - Missing value filled
2026-02-10 15:12:19,306 - MLProjectLogger - INFO - Missing value filled
2026-02-10 15:12:19,306 - MLProjectLogger - INFO - Missing value filled
2026-02-10 15:12:19,306 - MLProjectLogger - INFO - Missing value filled
2026-02-10 15:12:19,306 - MLProjectLogger - INFO - Missing value filled
2026-02-10 15:12:19,307 - MLProjectLogger - INFO - Missing value filled
2026-02-10 15:12:19,308 - MLProjectLogger - INFO - Missing value filled
2026-02-10 15:12:19,308 - MLProjectLogger - INFO - Missing value filled
2026-02-10 15:12:19,308 - MLProjectLogger - INFO - Missing value filled
2026-02-10 15:12:19,308 - MLProjectLogger - INFO - Missing value filled
2026-02-10 15:12:19,308 - MLProjectLogger - INFO - Missing value filled
2026-02-10 15:12:19,308 - MLProjectLogger - INFO - Missing value filled
2026-02-10 15:12:19,310 - MLProjectLogger - INFO - Missing value filled
2026-02-10 15:12:19,310 - MLProjectLogger - INFO - Missing value filled
2026-02-10 15:12:19,310 - MLProjectLogger - INFO - Missing value filled
2026-02-10 15:12:19,310 - MLProjectLogger - INFO - Missing value filled
2026-02-10 15:12:19,310 - MLProjectLogger - INFO - Missing value filled
2026-02-10 15:12:19,313 - MLProjectLogger - INFO - Missing value filled
2026-02-10 15:12:19,313 - MLProjectLogger - INFO - Missing value filled
2026-02-10 15:12:19,313 - MLProjectLogger - INFO - Missing value filled
2026-02-10 15:12:19,313 - MLProjectLogger - INFO - Missing value filled
2026-02-10 15:12:19,313 - MLProjectLogger - INFO - Missing value filled
2026-02-10 15:12:19,313 - MLProjectLogger - INFO - Missing value filled
2026-02-10 15:12:19,313 - MLProjectLogger - INFO - Missing value filled
2026-02-10 15:12:19,313 - MLProjectLogger - INFO - Missing value filled
