2026-02-24 11:14:46,508 - MLProjectLogger - INFO - =========== TRUSTCAST PIPELINE STARTED ===========
2026-02-24 11:14:48,630 - MLProjectLogger - INFO - Dataset loaded successfully: (700000, 49)
2026-02-24 11:14:48,630 - MLProjectLogger - INFO - Starting preprocessing...
2026-02-24 11:14:50,388 - MLProjectLogger - INFO - Preprocessing completed.
2026-02-24 11:14:50,458 - MLProjectLogger - INFO - Applying feature engineering...
2026-02-24 11:14:50,486 - MLProjectLogger - INFO - Feature engineering done.
2026-02-24 11:14:52,244 - MLProjectLogger - INFO - Time-based split completed.
2026-02-24 11:14:52,296 - MLProjectLogger - INFO - Applying Trust Engine...
2026-02-24 11:14:52,330 - MLProjectLogger - INFO - Trust scoring completed.
2026-02-24 11:14:52,332 - MLProjectLogger - INFO - Applying Trust Engine...
2026-02-24 11:14:52,338 - MLProjectLogger - INFO - Trust scoring completed.
2026-02-24 11:14:52,338 - MLProjectLogger - INFO - Applying Trust Engine...
2026-02-24 11:14:52,343 - MLProjectLogger - INFO - Trust scoring completed.
2026-02-24 16:27:37,323 - MLProjectLogger - ERROR - Pipeline failed.
2026-02-24 16:27:37,325 - MLProjectLogger - ERROR - Error occurred in python script name [C:\Users\DELL\anaconda3\envs\trustcast\Lib\site-packages\sklearn\base.py] line number [535] error message [The feature names should match those that were passed during fit.
Feature names unseen at fit time:
- dsport
- sport
]
2026-02-24 16:27:37,325 - MLProjectLogger - ERROR - Error occurred in python script name [D:\AI\TrustCast\pipelines\main_pipe.py] line number [98] error message [Error occurred in python script name [C:\Users\DELL\anaconda3\envs\trustcast\Lib\site-packages\sklearn\base.py] line number [535] error message [The feature names should match those that were passed during fit.
Feature names unseen at fit time:
- dsport
- sport
]]
