2026-02-26 16:06:45,578 - MLProjectLogger - INFO - =========== TRUSTCAST PIPELINE STARTED ===========
2026-02-26 16:06:47,972 - MLProjectLogger - INFO - Dataset loaded successfully: (700000, 49)
2026-02-26 16:06:47,972 - MLProjectLogger - INFO - Starting preprocessing...
2026-02-26 16:06:50,290 - MLProjectLogger - INFO - Preprocessing completed.
2026-02-26 16:06:50,411 - MLProjectLogger - INFO - Applying feature engineering...
2026-02-26 16:06:50,489 - MLProjectLogger - INFO - Feature engineering done.
2026-02-26 16:06:53,383 - MLProjectLogger - INFO - Time-based split completed.
2026-02-26 16:06:53,522 - MLProjectLogger - INFO - Applying Trust Engine...
2026-02-26 16:06:53,556 - MLProjectLogger - INFO - Trust scoring completed.
2026-02-26 16:06:53,560 - MLProjectLogger - INFO - Applying Trust Engine...
2026-02-26 16:06:53,564 - MLProjectLogger - INFO - Trust scoring completed.
2026-02-26 16:06:53,564 - MLProjectLogger - INFO - Applying Trust Engine...
2026-02-26 16:06:53,568 - MLProjectLogger - INFO - Trust scoring completed.
2026-02-26 18:27:26,278 - MLProjectLogger - ERROR - Pipeline failed.
2026-02-26 18:27:26,283 - MLProjectLogger - ERROR - Error occurred in python script name [C:\Users\DELL\anaconda3\envs\trustcast\Lib\site-packages\sklearn\base.py] line number [535] error message [The feature names should match those that were passed during fit.
Feature names unseen at fit time:
- dsport
- sport
]
2026-02-26 18:27:26,283 - MLProjectLogger - ERROR - Error occurred in python script name [D:\AI\TrustCast\pipelines\main_pipe.py] line number [98] error message [Error occurred in python script name [C:\Users\DELL\anaconda3\envs\trustcast\Lib\site-packages\sklearn\base.py] line number [535] error message [The feature names should match those that were passed during fit.
Feature names unseen at fit time:
- dsport
- sport
]]
