2026-03-03 15:45:57,787 | INFO | Prediction request received
2026-03-03 15:45:58,206 | INFO | CSV loaded successfully. Shape: (40043, 49)
2026-03-03 15:45:58,218 - MLProjectLogger - INFO - Starting preprocessing...
2026-03-03 15:45:58,218 | INFO | Starting preprocessing...
2026-03-03 15:45:58,410 - MLProjectLogger - INFO - Preprocessing completed.
2026-03-03 15:45:58,410 | INFO | Preprocessing completed.
2026-03-03 15:45:58,418 - MLProjectLogger - INFO - Applying feature engineering...
2026-03-03 15:45:58,418 | INFO | Applying feature engineering...
2026-03-03 15:45:58,491 - MLProjectLogger - INFO - Feature engineering done.
2026-03-03 15:45:58,491 | INFO | Feature engineering done.
2026-03-03 15:45:58,491 - MLProjectLogger - INFO - Applying Trust Engine...
2026-03-03 15:45:58,491 | INFO | Applying Trust Engine...
2026-03-03 15:45:58,503 - MLProjectLogger - INFO - Trust scoring completed.
2026-03-03 15:45:58,503 | INFO | Trust scoring completed.
2026-03-03 15:46:08,746 | INFO | Prediction completed successfully
2026-03-03 15:47:08,687 - MLProjectLogger - INFO - Starting preprocessing...
2026-03-03 15:47:08,687 | INFO | Starting preprocessing...
2026-03-03 15:47:08,711 - MLProjectLogger - INFO - Preprocessing completed.
2026-03-03 15:47:08,711 | INFO | Preprocessing completed.
2026-03-03 15:47:08,712 - MLProjectLogger - INFO - Applying feature engineering...
2026-03-03 15:47:08,712 | INFO | Applying feature engineering...
2026-03-03 15:47:08,721 - MLProjectLogger - INFO - Feature engineering done.
2026-03-03 15:47:08,721 | INFO | Feature engineering done.
2026-03-03 15:47:08,721 - MLProjectLogger - INFO - Applying Trust Engine...
2026-03-03 15:47:08,721 | INFO | Applying Trust Engine...
2026-03-03 15:47:08,726 - MLProjectLogger - INFO - Trust scoring completed.
2026-03-03 15:47:08,726 | INFO | Trust scoring completed.
