2025-11-29 11:08:34,318 - MLProjectLogger - INFO - Starting CGAN script...
2025-11-29 11:08:34,781 - MLProjectLogger - INFO - Loaded input CSV: /media/shrav/New Volume/Mega_Project/TrustCast/data/train_feature_engineered.csv with shape (147730, 55)
2025-11-29 11:08:34,994 - MLProjectLogger - INFO - Prepared CGAN data: data.shape=(147730, 54), labels.shape=(147730, 2)
2025-11-29 11:08:34,995 - MLProjectLogger - INFO - Initializing Conditional GAN...
2025-11-29 11:08:37,064 - MLProjectLogger - INFO - CGAN initialized on device=cpu
2025-11-29 11:08:37,064 - MLProjectLogger - INFO - Training CGAN: epochs=200, batch_size=512
2025-11-29 11:08:38,239 - MLProjectLogger - INFO - Epoch 1/200 | Loss D: 0.259442 | Loss G: 0.997548
2025-11-29 11:08:39,739 - MLProjectLogger - INFO - Epoch 2/200 | Loss D: 0.082276 | Loss G: 2.249853
2025-11-29 11:08:41,200 - MLProjectLogger - INFO - Epoch 3/200 | Loss D: 0.029612 | Loss G: 3.801619
2025-11-29 11:08:42,688 - MLProjectLogger - INFO - Epoch 4/200 | Loss D: 0.021766 | Loss G: 5.024900
2025-11-29 11:08:44,148 - MLProjectLogger - INFO - Epoch 5/200 | Loss D: 0.021988 | Loss G: 5.783637
2025-11-29 11:09:07,913 - MLProjectLogger - INFO - Epoch 21/200 | Loss D: 0.059721 | Loss G: 5.105860
2025-11-29 11:09:27,630 - MLProjectLogger - INFO - Epoch 41/200 | Loss D: 0.113363 | Loss G: 4.442233
2025-11-29 11:09:54,154 - MLProjectLogger - INFO - Epoch 61/200 | Loss D: 0.326065 | Loss G: 3.728463
2025-11-29 11:10:25,378 - MLProjectLogger - INFO - Epoch 81/200 | Loss D: 0.315615 | Loss G: 3.552646
2025-11-29 11:10:56,431 - MLProjectLogger - INFO - Epoch 101/200 | Loss D: 0.470435 | Loss G: 2.689181
2025-11-29 11:11:27,971 - MLProjectLogger - INFO - Epoch 121/200 | Loss D: 0.512380 | Loss G: 2.251123
2025-11-29 11:11:59,683 - MLProjectLogger - INFO - Epoch 141/200 | Loss D: 0.435291 | Loss G: 2.196659
2025-11-29 11:12:31,343 - MLProjectLogger - INFO - Epoch 161/200 | Loss D: 0.422093 | Loss G: 1.852665
2025-11-29 11:12:49,374 - MLProjectLogger - INFO - Epoch 181/200 | Loss D: 0.344057 | Loss G: 1.673901
2025-11-29 11:13:05,945 - MLProjectLogger - INFO - CGAN training completed successfully.
2025-11-29 11:13:05,947 - MLProjectLogger - INFO - Generating 1000 CGAN samples...
2025-11-29 11:13:05,947 - MLProjectLogger - INFO - CGAN synthetic data generated.
2025-11-29 11:13:05,983 - MLProjectLogger - INFO - Synthetic CGAN data saved to /media/shrav/New Volume/Mega_Project/TrustCast/data/augmentation/synthetic_cgan.csv
2025-11-29 11:13:05,985 - MLProjectLogger - INFO - CGAN saved: /media/shrav/New Volume/Mega_Project/TrustCast/model/cgan_generator.pt, /media/shrav/New Volume/Mega_Project/TrustCast/model/cgan_discriminator.pt
2025-11-29 11:13:05,985 - MLProjectLogger - INFO - CGAN script finished successfully.
