2025-11-28 23:30:43,498 - MLProjectLogger - INFO - Running feature_engineering example script...
2025-11-28 23:30:43,855 - MLProjectLogger - INFO - Loaded dataset from /media/shrav/New Volume/Mega_Project/TrustCast/data/dataset_processed.csv with shape (211043, 41)
2025-11-28 23:30:44,246 - MLProjectLogger - INFO - Transforming row-level features...
2025-11-28 23:30:44,255 - MLProjectLogger - WARNING - Column 'conn_state' missing; creating with NaNs/zeros
2025-11-28 23:30:44,304 - MLProjectLogger - INFO - Computed failed_conn_flag from one-hot conn_state columns: ['conn_state_REJ', 'conn_state_RSTO', 'conn_state_RSTOS0', 'conn_state_RSTR', 'conn_state_RSTRH', 'conn_state_S0', 'conn_state_S1', 'conn_state_S2', 'conn_state_S3', 'conn_state_SF', 'conn_state_SH', 'conn_state_SHR']
2025-11-28 23:30:44,550 - MLProjectLogger - INFO - Row-level features added: bytes_per_sec, pkts_per_sec, avg_pkt_size_*, pkt_byte_asymmetry, flags, dns_query_entropy
2025-11-28 23:30:44,550 - MLProjectLogger - INFO - Transforming row-level features...
2025-11-28 23:30:44,552 - MLProjectLogger - WARNING - Column 'conn_state' missing; creating with NaNs/zeros
2025-11-28 23:30:44,562 - MLProjectLogger - INFO - Computed failed_conn_flag from one-hot conn_state columns: ['conn_state_REJ', 'conn_state_RSTO', 'conn_state_RSTOS0', 'conn_state_RSTR', 'conn_state_RSTRH', 'conn_state_S0', 'conn_state_S1', 'conn_state_S2', 'conn_state_S3', 'conn_state_SF', 'conn_state_SH', 'conn_state_SHR']
2025-11-28 23:30:44,622 - MLProjectLogger - INFO - Row-level features added: bytes_per_sec, pkts_per_sec, avg_pkt_size_*, pkt_byte_asymmetry, flags, dns_query_entropy
2025-11-28 23:30:44,622 - MLProjectLogger - INFO - Transforming row-level features...
2025-11-28 23:30:44,623 - MLProjectLogger - WARNING - Column 'conn_state' missing; creating with NaNs/zeros
2025-11-28 23:30:44,633 - MLProjectLogger - INFO - Computed failed_conn_flag from one-hot conn_state columns: ['conn_state_REJ', 'conn_state_RSTO', 'conn_state_RSTOS0', 'conn_state_RSTR', 'conn_state_RSTRH', 'conn_state_S0', 'conn_state_S1', 'conn_state_S2', 'conn_state_S3', 'conn_state_SF', 'conn_state_SH', 'conn_state_SHR']
2025-11-28 23:30:44,689 - MLProjectLogger - INFO - Row-level features added: bytes_per_sec, pkts_per_sec, avg_pkt_size_*, pkt_byte_asymmetry, flags, dns_query_entropy
2025-11-28 23:30:44,689 - MLProjectLogger - INFO - Fitting group-level (train-only) features...
2025-11-28 23:30:44,689 - MLProjectLogger - INFO - Transforming row-level features...
2025-11-28 23:30:44,761 - MLProjectLogger - INFO - Computed failed_conn_flag from one-hot conn_state columns: ['conn_state_REJ', 'conn_state_RSTO', 'conn_state_RSTOS0', 'conn_state_RSTR', 'conn_state_RSTRH', 'conn_state_S0', 'conn_state_S1', 'conn_state_S2', 'conn_state_S3', 'conn_state_SF', 'conn_state_SH', 'conn_state_SHR']
2025-11-28 23:30:44,993 - MLProjectLogger - INFO - Row-level features added: bytes_per_sec, pkts_per_sec, avg_pkt_size_*, pkt_byte_asymmetry, flags, dns_query_entropy
2025-11-28 23:30:45,096 - MLProjectLogger - INFO - Computed group-level features for 51 src_ip entries.
2025-11-28 23:30:45,100 - MLProjectLogger - INFO - Mapping group-level features to dataset...
2025-11-28 23:30:45,190 - MLProjectLogger - INFO - Group-level features mapped to dataset (unseen src_ip filled with fallbacks).
2025-11-28 23:30:45,192 - MLProjectLogger - INFO - Mapping group-level features to dataset...
2025-11-28 23:30:45,206 - MLProjectLogger - INFO - Group-level features mapped to dataset (unseen src_ip filled with fallbacks).
2025-11-28 23:30:45,206 - MLProjectLogger - INFO - Mapping group-level features to dataset...
2025-11-28 23:30:45,220 - MLProjectLogger - INFO - Group-level features mapped to dataset (unseen src_ip filled with fallbacks).
2025-11-28 23:30:49,918 - MLProjectLogger - INFO - Feature engineering pipeline completed and files saved.
