2025-11-28 23:29:39,604 - MLProjectLogger - INFO - Running feature_engineering example script...
2025-11-28 23:29:39,956 - MLProjectLogger - INFO - Loaded dataset from /media/shrav/New Volume/Mega_Project/TrustCast/data/dataset_processed.csv with shape (211043, 41)
2025-11-28 23:29:40,340 - MLProjectLogger - INFO - Transforming row-level features...
2025-11-28 23:29:40,349 - MLProjectLogger - WARNING - Column 'conn_state' missing; creating with NaNs/zeros
2025-11-28 23:29:40,406 - MLProjectLogger - INFO - Computed failed_conn_flag from one-hot conn_state columns: ['conn_state_REJ', 'conn_state_RSTO', 'conn_state_RSTOS0', 'conn_state_RSTR', 'conn_state_RSTRH', 'conn_state_S0', 'conn_state_S1', 'conn_state_S2', 'conn_state_S3', 'conn_state_SF', 'conn_state_SH', 'conn_state_SHR']
2025-11-28 23:29:40,650 - MLProjectLogger - INFO - Row-level features added: bytes_per_sec, pkts_per_sec, avg_pkt_size_*, pkt_byte_asymmetry, flags, dns_query_entropy
2025-11-28 23:29:40,650 - MLProjectLogger - INFO - Transforming row-level features...
2025-11-28 23:29:40,651 - MLProjectLogger - WARNING - Column 'conn_state' missing; creating with NaNs/zeros
2025-11-28 23:29:40,662 - MLProjectLogger - INFO - Computed failed_conn_flag from one-hot conn_state columns: ['conn_state_REJ', 'conn_state_RSTO', 'conn_state_RSTOS0', 'conn_state_RSTR', 'conn_state_RSTRH', 'conn_state_S0', 'conn_state_S1', 'conn_state_S2', 'conn_state_S3', 'conn_state_SF', 'conn_state_SH', 'conn_state_SHR']
2025-11-28 23:29:40,718 - MLProjectLogger - INFO - Row-level features added: bytes_per_sec, pkts_per_sec, avg_pkt_size_*, pkt_byte_asymmetry, flags, dns_query_entropy
2025-11-28 23:29:40,718 - MLProjectLogger - INFO - Transforming row-level features...
2025-11-28 23:29:40,719 - MLProjectLogger - WARNING - Column 'conn_state' missing; creating with NaNs/zeros
2025-11-28 23:29:40,730 - MLProjectLogger - INFO - Computed failed_conn_flag from one-hot conn_state columns: ['conn_state_REJ', 'conn_state_RSTO', 'conn_state_RSTOS0', 'conn_state_RSTR', 'conn_state_RSTRH', 'conn_state_S0', 'conn_state_S1', 'conn_state_S2', 'conn_state_S3', 'conn_state_SF', 'conn_state_SH', 'conn_state_SHR']
2025-11-28 23:29:40,784 - MLProjectLogger - INFO - Row-level features added: bytes_per_sec, pkts_per_sec, avg_pkt_size_*, pkt_byte_asymmetry, flags, dns_query_entropy
2025-11-28 23:29:40,784 - MLProjectLogger - INFO - Fitting group-level (train-only) features...
2025-11-28 23:29:40,784 - MLProjectLogger - INFO - Transforming row-level features...
2025-11-28 23:29:40,863 - MLProjectLogger - INFO - Computed failed_conn_flag from one-hot conn_state columns: ['conn_state_REJ', 'conn_state_RSTO', 'conn_state_RSTOS0', 'conn_state_RSTR', 'conn_state_RSTRH', 'conn_state_S0', 'conn_state_S1', 'conn_state_S2', 'conn_state_S3', 'conn_state_SF', 'conn_state_SH', 'conn_state_SHR']
2025-11-28 23:29:41,100 - MLProjectLogger - INFO - Row-level features added: bytes_per_sec, pkts_per_sec, avg_pkt_size_*, pkt_byte_asymmetry, flags, dns_query_entropy
2025-11-28 23:29:41,211 - MLProjectLogger - INFO - Computed group-level features for 51 src_ip entries.
2025-11-28 23:29:41,215 - MLProjectLogger - INFO - Mapping group-level features to dataset...
2025-11-28 23:29:41,282 - MLProjectLogger - INFO - Group-level features mapped to dataset (unseen src_ip filled with fallbacks).
2025-11-28 23:29:41,284 - MLProjectLogger - INFO - Mapping group-level features to dataset...
2025-11-28 23:29:41,296 - MLProjectLogger - INFO - Group-level features mapped to dataset (unseen src_ip filled with fallbacks).
2025-11-28 23:29:41,296 - MLProjectLogger - INFO - Mapping group-level features to dataset...
2025-11-28 23:29:41,314 - MLProjectLogger - INFO - Group-level features mapped to dataset (unseen src_ip filled with fallbacks).
2025-11-28 23:29:41,316 - MLProjectLogger - ERROR - Feature engineering script failed.
2025-11-28 23:29:41,316 - MLProjectLogger - ERROR - Error occurred in python script name [/home/shrav/miniconda3/envs/trustcast/lib/python3.11/site-packages/pandas/io/common.py] line number [616] error message [Cannot save file into a non-existent directory: '/media/shrav/New Volume1/Mega_Project/TrustCast/data']
