2025-11-28 23:50:24,825 - MLProjectLogger - INFO - Starting CGAN script...
2025-11-28 23:50:25,217 - MLProjectLogger - INFO - Loaded input CSV: /media/shrav/New Volume/Mega_Project/TrustCast/data/train_feature_engineered.csv with shape (147730, 55)
2025-11-28 23:50:25,406 - MLProjectLogger - INFO - Prepared CGAN data: data.shape=(147730, 54), labels.shape=(147730, 2)
2025-11-28 23:50:25,407 - MLProjectLogger - INFO - Initializing Conditional GAN...
2025-11-28 23:50:27,426 - MLProjectLogger - INFO - CGAN initialized on device=cpu
2025-11-28 23:50:27,426 - MLProjectLogger - INFO - Training CGAN: epochs=200, batch_size=512
2025-11-28 23:50:28,895 - MLProjectLogger - INFO - Epoch 1/200 | Loss D: 0.312556 | Loss G: 0.835377
2025-11-28 23:50:30,343 - MLProjectLogger - INFO - Epoch 2/200 | Loss D: 0.088710 | Loss G: 2.306903
2025-11-28 23:50:31,801 - MLProjectLogger - INFO - Epoch 3/200 | Loss D: 0.028817 | Loss G: 3.912248
2025-11-28 23:50:33,259 - MLProjectLogger - INFO - Epoch 4/200 | Loss D: 0.022189 | Loss G: 5.207240
2025-11-28 23:50:34,714 - MLProjectLogger - INFO - Epoch 5/200 | Loss D: 0.022821 | Loss G: 6.061992
2025-11-28 23:50:58,761 - MLProjectLogger - INFO - Epoch 21/200 | Loss D: 0.035940 | Loss G: 5.754497
2025-11-28 23:51:31,675 - MLProjectLogger - INFO - Epoch 41/200 | Loss D: 0.179739 | Loss G: 3.751013
2025-11-28 23:52:03,562 - MLProjectLogger - INFO - Epoch 61/200 | Loss D: 0.255824 | Loss G: 3.082206
2025-11-28 23:52:35,845 - MLProjectLogger - INFO - Epoch 81/200 | Loss D: 0.291333 | Loss G: 2.719715
2025-11-28 23:52:59,447 - MLProjectLogger - INFO - Epoch 101/200 | Loss D: 0.462901 | Loss G: 2.744696
2025-11-28 23:53:16,893 - MLProjectLogger - INFO - Epoch 121/200 | Loss D: 0.399915 | Loss G: 2.093248
2025-11-28 23:53:36,920 - MLProjectLogger - INFO - Epoch 141/200 | Loss D: 0.509591 | Loss G: 1.942740
2025-11-28 23:53:56,897 - MLProjectLogger - INFO - Epoch 161/200 | Loss D: 0.455093 | Loss G: 1.625331
2025-11-28 23:54:14,197 - MLProjectLogger - INFO - Epoch 181/200 | Loss D: 0.435624 | Loss G: 1.632346
2025-11-28 23:54:30,988 - MLProjectLogger - INFO - CGAN training completed successfully.
2025-11-28 23:54:30,989 - MLProjectLogger - INFO - Generating 1000 CGAN samples...
2025-11-28 23:54:30,990 - MLProjectLogger - INFO - CGAN synthetic data generated.
2025-11-28 23:54:31,024 - MLProjectLogger - INFO - Synthetic CGAN data saved to /media/shrav/New Volume/Mega_Project/TrustCast/data/augmentation/synthetic_cgan.csv
2025-11-28 23:54:31,035 - MLProjectLogger - INFO - CGAN saved: /media/shrav/New Volume/Mega_Project/TrustCast/model/cgan_generator.pt, /media/shrav/New Volume/Mega_Project/TrustCast/model/cgan_discriminator.pt
2025-11-28 23:54:31,035 - MLProjectLogger - INFO - CGAN script finished successfully.
