2025-11-29 11:06:04,693 - MLProjectLogger - INFO - Running feature_engineering example script...
2025-11-29 11:06:05,045 - MLProjectLogger - INFO - Loaded dataset from /media/shrav/New Volume/Mega_Project/TrustCast/data/dataset_processed.csv with shape (211043, 41)
2025-11-29 11:06:05,429 - MLProjectLogger - INFO - Transforming row-level features...
2025-11-29 11:06:05,438 - MLProjectLogger - WARNING - Column 'conn_state' missing; creating with NaNs/zeros
2025-11-29 11:06:05,488 - MLProjectLogger - INFO - Computed failed_conn_flag from one-hot conn_state columns: ['conn_state_REJ', 'conn_state_RSTO', 'conn_state_RSTOS0', 'conn_state_RSTR', 'conn_state_RSTRH', 'conn_state_S0', 'conn_state_S1', 'conn_state_S2', 'conn_state_S3', 'conn_state_SF', 'conn_state_SH', 'conn_state_SHR']
2025-11-29 11:06:05,734 - MLProjectLogger - INFO - Row-level features added: bytes_per_sec, pkts_per_sec, avg_pkt_size_*, pkt_byte_asymmetry, flags, dns_query_entropy
2025-11-29 11:06:05,734 - MLProjectLogger - INFO - Transforming row-level features...
2025-11-29 11:06:05,735 - MLProjectLogger - WARNING - Column 'conn_state' missing; creating with NaNs/zeros
2025-11-29 11:06:05,746 - MLProjectLogger - INFO - Computed failed_conn_flag from one-hot conn_state columns: ['conn_state_REJ', 'conn_state_RSTO', 'conn_state_RSTOS0', 'conn_state_RSTR', 'conn_state_RSTRH', 'conn_state_S0', 'conn_state_S1', 'conn_state_S2', 'conn_state_S3', 'conn_state_SF', 'conn_state_SH', 'conn_state_SHR']
2025-11-29 11:06:05,822 - MLProjectLogger - INFO - Row-level features added: bytes_per_sec, pkts_per_sec, avg_pkt_size_*, pkt_byte_asymmetry, flags, dns_query_entropy
2025-11-29 11:06:05,822 - MLProjectLogger - INFO - Transforming row-level features...
2025-11-29 11:06:05,823 - MLProjectLogger - WARNING - Column 'conn_state' missing; creating with NaNs/zeros
2025-11-29 11:06:05,834 - MLProjectLogger - INFO - Computed failed_conn_flag from one-hot conn_state columns: ['conn_state_REJ', 'conn_state_RSTO', 'conn_state_RSTOS0', 'conn_state_RSTR', 'conn_state_RSTRH', 'conn_state_S0', 'conn_state_S1', 'conn_state_S2', 'conn_state_S3', 'conn_state_SF', 'conn_state_SH', 'conn_state_SHR']
2025-11-29 11:06:05,890 - MLProjectLogger - INFO - Row-level features added: bytes_per_sec, pkts_per_sec, avg_pkt_size_*, pkt_byte_asymmetry, flags, dns_query_entropy
2025-11-29 11:06:05,890 - MLProjectLogger - INFO - Fitting group-level (train-only) features...
2025-11-29 11:06:05,890 - MLProjectLogger - INFO - Transforming row-level features...
2025-11-29 11:06:05,973 - MLProjectLogger - INFO - Computed failed_conn_flag from one-hot conn_state columns: ['conn_state_REJ', 'conn_state_RSTO', 'conn_state_RSTOS0', 'conn_state_RSTR', 'conn_state_RSTRH', 'conn_state_S0', 'conn_state_S1', 'conn_state_S2', 'conn_state_S3', 'conn_state_SF', 'conn_state_SH', 'conn_state_SHR']
2025-11-29 11:06:06,224 - MLProjectLogger - INFO - Row-level features added: bytes_per_sec, pkts_per_sec, avg_pkt_size_*, pkt_byte_asymmetry, flags, dns_query_entropy
2025-11-29 11:06:06,327 - MLProjectLogger - INFO - Computed group-level features for 51 src_ip entries.
2025-11-29 11:06:06,331 - MLProjectLogger - INFO - Mapping group-level features to dataset...
2025-11-29 11:06:06,401 - MLProjectLogger - INFO - Group-level features mapped to dataset (unseen src_ip filled with fallbacks).
2025-11-29 11:06:06,403 - MLProjectLogger - INFO - Mapping group-level features to dataset...
2025-11-29 11:06:06,415 - MLProjectLogger - INFO - Group-level features mapped to dataset (unseen src_ip filled with fallbacks).
2025-11-29 11:06:06,416 - MLProjectLogger - INFO - Mapping group-level features to dataset...
2025-11-29 11:06:06,430 - MLProjectLogger - INFO - Group-level features mapped to dataset (unseen src_ip filled with fallbacks).
2025-11-29 11:06:11,018 - MLProjectLogger - INFO - Feature engineering pipeline completed and files saved.
