2025-11-29 10:09:31,295 - MLProjectLogger - INFO - Starting CGAN script...
2025-11-29 10:09:31,701 - MLProjectLogger - INFO - Loaded input CSV: /media/shrav/New Volume/Mega_Project/TrustCast/data/train_feature_engineered.csv with shape (147730, 55)
2025-11-29 10:09:31,892 - MLProjectLogger - INFO - Prepared CGAN data: data.shape=(147730, 54), labels.shape=(147730, 2)
2025-11-29 10:09:31,893 - MLProjectLogger - INFO - Initializing Conditional GAN...
2025-11-29 10:09:34,040 - MLProjectLogger - INFO - CGAN initialized on device=cpu
2025-11-29 10:09:34,040 - MLProjectLogger - INFO - Training CGAN: epochs=200, batch_size=512
2025-11-29 10:09:35,315 - MLProjectLogger - INFO - Epoch 1/200 | Loss D: 0.356343 | Loss G: 0.734133
2025-11-29 10:09:36,638 - MLProjectLogger - INFO - Epoch 2/200 | Loss D: 0.228046 | Loss G: 1.092275
2025-11-29 10:09:37,788 - MLProjectLogger - INFO - Epoch 3/200 | Loss D: 0.096834 | Loss G: 2.043866
2025-11-29 10:09:38,918 - MLProjectLogger - INFO - Epoch 4/200 | Loss D: 0.032352 | Loss G: 3.362983
2025-11-29 10:09:39,895 - MLProjectLogger - INFO - Epoch 5/200 | Loss D: 0.023296 | Loss G: 4.529495
2025-11-29 10:09:55,061 - MLProjectLogger - INFO - Epoch 21/200 | Loss D: 0.067401 | Loss G: 4.315114
2025-11-29 10:10:14,921 - MLProjectLogger - INFO - Epoch 41/200 | Loss D: 0.317749 | Loss G: 3.900643
2025-11-29 10:10:34,381 - MLProjectLogger - INFO - Epoch 61/200 | Loss D: 0.333255 | Loss G: 3.042038
2025-11-29 10:10:53,267 - MLProjectLogger - INFO - Epoch 81/200 | Loss D: 0.562167 | Loss G: 3.000404
2025-11-29 10:11:13,755 - MLProjectLogger - INFO - Epoch 101/200 | Loss D: 0.490190 | Loss G: 2.370816
2025-11-29 10:11:40,765 - MLProjectLogger - INFO - Epoch 121/200 | Loss D: 0.413782 | Loss G: 2.055448
2025-11-29 10:12:00,900 - MLProjectLogger - INFO - Epoch 141/200 | Loss D: 0.599157 | Loss G: 2.030940
2025-11-29 10:12:20,316 - MLProjectLogger - INFO - Epoch 161/200 | Loss D: 0.491193 | Loss G: 1.838917
2025-11-29 10:12:51,481 - MLProjectLogger - INFO - Epoch 181/200 | Loss D: 0.392991 | Loss G: 1.605451
2025-11-29 10:13:09,840 - MLProjectLogger - INFO - CGAN training completed successfully.
2025-11-29 10:13:09,841 - MLProjectLogger - INFO - Generating 1000 CGAN samples...
2025-11-29 10:13:09,842 - MLProjectLogger - INFO - CGAN synthetic data generated.
2025-11-29 10:13:09,886 - MLProjectLogger - INFO - Synthetic CGAN data saved to /media/shrav/New Volume/Mega_Project/TrustCast/data/augmentation/synthetic_cgan.csv
2025-11-29 10:13:09,888 - MLProjectLogger - INFO - CGAN saved: /media/shrav/New Volume/Mega_Project/TrustCast/model/cgan_generator.pt, /media/shrav/New Volume/Mega_Project/TrustCast/model/cgan_discriminator.pt
2025-11-29 10:13:09,888 - MLProjectLogger - INFO - CGAN script finished successfully.
