2025-11-29 10:07:52,736 - MLProjectLogger - INFO - Running feature_engineering example script...
2025-11-29 10:07:53,088 - MLProjectLogger - INFO - Loaded dataset from /media/shrav/New Volume/Mega_Project/TrustCast/data/dataset_processed.csv with shape (211043, 41)
2025-11-29 10:07:53,477 - MLProjectLogger - INFO - Transforming row-level features...
2025-11-29 10:07:53,486 - MLProjectLogger - WARNING - Column 'conn_state' missing; creating with NaNs/zeros
2025-11-29 10:07:53,546 - MLProjectLogger - INFO - Computed failed_conn_flag from one-hot conn_state columns: ['conn_state_REJ', 'conn_state_RSTO', 'conn_state_RSTOS0', 'conn_state_RSTR', 'conn_state_RSTRH', 'conn_state_S0', 'conn_state_S1', 'conn_state_S2', 'conn_state_S3', 'conn_state_SF', 'conn_state_SH', 'conn_state_SHR']
2025-11-29 10:07:53,800 - MLProjectLogger - INFO - Row-level features added: bytes_per_sec, pkts_per_sec, avg_pkt_size_*, pkt_byte_asymmetry, flags, dns_query_entropy
2025-11-29 10:07:53,801 - MLProjectLogger - INFO - Transforming row-level features...
2025-11-29 10:07:53,802 - MLProjectLogger - WARNING - Column 'conn_state' missing; creating with NaNs/zeros
2025-11-29 10:07:53,812 - MLProjectLogger - INFO - Computed failed_conn_flag from one-hot conn_state columns: ['conn_state_REJ', 'conn_state_RSTO', 'conn_state_RSTOS0', 'conn_state_RSTR', 'conn_state_RSTRH', 'conn_state_S0', 'conn_state_S1', 'conn_state_S2', 'conn_state_S3', 'conn_state_SF', 'conn_state_SH', 'conn_state_SHR']
2025-11-29 10:07:53,868 - MLProjectLogger - INFO - Row-level features added: bytes_per_sec, pkts_per_sec, avg_pkt_size_*, pkt_byte_asymmetry, flags, dns_query_entropy
2025-11-29 10:07:53,868 - MLProjectLogger - INFO - Transforming row-level features...
2025-11-29 10:07:53,868 - MLProjectLogger - WARNING - Column 'conn_state' missing; creating with NaNs/zeros
2025-11-29 10:07:53,879 - MLProjectLogger - INFO - Computed failed_conn_flag from one-hot conn_state columns: ['conn_state_REJ', 'conn_state_RSTO', 'conn_state_RSTOS0', 'conn_state_RSTR', 'conn_state_RSTRH', 'conn_state_S0', 'conn_state_S1', 'conn_state_S2', 'conn_state_S3', 'conn_state_SF', 'conn_state_SH', 'conn_state_SHR']
2025-11-29 10:07:53,941 - MLProjectLogger - INFO - Row-level features added: bytes_per_sec, pkts_per_sec, avg_pkt_size_*, pkt_byte_asymmetry, flags, dns_query_entropy
2025-11-29 10:07:53,941 - MLProjectLogger - INFO - Fitting group-level (train-only) features...
2025-11-29 10:07:53,941 - MLProjectLogger - INFO - Transforming row-level features...
2025-11-29 10:07:54,025 - MLProjectLogger - INFO - Computed failed_conn_flag from one-hot conn_state columns: ['conn_state_REJ', 'conn_state_RSTO', 'conn_state_RSTOS0', 'conn_state_RSTR', 'conn_state_RSTRH', 'conn_state_S0', 'conn_state_S1', 'conn_state_S2', 'conn_state_S3', 'conn_state_SF', 'conn_state_SH', 'conn_state_SHR']
2025-11-29 10:07:54,269 - MLProjectLogger - INFO - Row-level features added: bytes_per_sec, pkts_per_sec, avg_pkt_size_*, pkt_byte_asymmetry, flags, dns_query_entropy
2025-11-29 10:07:54,386 - MLProjectLogger - INFO - Computed group-level features for 51 src_ip entries.
2025-11-29 10:07:54,390 - MLProjectLogger - INFO - Mapping group-level features to dataset...
2025-11-29 10:07:54,460 - MLProjectLogger - INFO - Group-level features mapped to dataset (unseen src_ip filled with fallbacks).
2025-11-29 10:07:54,461 - MLProjectLogger - INFO - Mapping group-level features to dataset...
2025-11-29 10:07:54,473 - MLProjectLogger - INFO - Group-level features mapped to dataset (unseen src_ip filled with fallbacks).
2025-11-29 10:07:54,474 - MLProjectLogger - INFO - Mapping group-level features to dataset...
2025-11-29 10:07:54,488 - MLProjectLogger - INFO - Group-level features mapped to dataset (unseen src_ip filled with fallbacks).
2025-11-29 10:07:58,970 - MLProjectLogger - INFO - Feature engineering pipeline completed and files saved.
